AVISO: networkx não disponível. Algumas funcionalidades serão limitadas.
======================================================================
  OTIMIZADOR PHM ROBUSTO
  Com Validacao Anti-Overfitting
  50,000 Combinacoes
  PARA DINHEIRO REAL
======================================================================

  Periodo: 2025-07-01 a 2025-12-24

======================================================================
  CARREGANDO DADOS REAIS - PHM
======================================================================

============================================================
  DOWNLOAD DE DADOS HISTORICOS REAIS (FXOpen WebSocket)
============================================================
  Simbolo: EURUSD
  Periodicidade: H1
  Periodo: 2025-07-01 00:00 a 2025-12-24 03:35
  Tipo de preco: bid
============================================================

  Conectando ao WebSocket FXOpen...
  Autenticado com sucesso!
  Baixando barras de 2025-07-01 a 2025-12-24...
    Batch 1: 1000 barras (total: 1000)
    Batch 2: 1000 barras (total: 2000)
    Batch 3: 1000 barras (total: 3000)
    Batch 4: 28 barras (total: 3028)

  Total de barras baixadas: 3028
  Primeira barra: 2025-07-01 00:00:00+00:00
  Ultima barra: 2025-12-24 03:00:00+00:00
  Total de barras: 3028

  DIVISAO TRAIN/TEST:
    Treino: 2119 barras
    Teste:  909 barras

  Pre-calculando sinais PHM...
    500/3028 barras...
    1000/3028 barras...
    1500/3028 barras...
    2000/3028 barras...
    2500/3028 barras...
    3000/3028 barras...

  Sinais pre-calculados:
    Treino: 2020 sinais
    Teste:  909 sinais

  Distribuicao de sinais:
    BUY: 73, SELL: 231, HOLD: 2625

======================================================================
  OTIMIZACAO ROBUSTA PHM: 50,000 COMBINACOES
  Com validacao Train/Test Split
======================================================================
  10,000/50,000 (20.0%) | Robustos: 0 | Vel: 2216/s | ETA: 0min
  20,000/50,000 (40.0%) | Robustos: 0 | Vel: 2240/s | ETA: 0min
  30,000/50,000 (60.0%) | Robustos: 0 | Vel: 2253/s | ETA: 0min
  40,000/50,000 (80.0%) | Robustos: 0 | Vel: 2244/s | ETA: 0min
  50,000/50,000 (100.0%) | Robustos: 0 | Vel: 2244/s | ETA: 0min

======================================================================
  CONCLUIDO em 0.4min
  Testados: 50,000 | Robustos: 0
======================================================================

  AVISO: Nenhuma configuracao passou nos filtros!
